0 info it worked if it ends with ok
1 verbose cli [ '/usr/bin/node', '/usr/bin/npm', 'install', '-g', 'vue/cli' ]
2 info using npm@3.5.2
3 info using node@v8.10.0
4 silly loadCurrentTree Starting
5 silly install loadCurrentTree
6 silly install readGlobalPackageData
7 silly fetchPackageMetaData vue/cli
8 silly fetchOtherPackageData vue/cli
9 silly cache add args [ 'vue/cli', null ]
10 verbose cache add spec vue/cli
11 silly cache add parsed spec Result {
11 silly cache add   raw: 'vue/cli',
11 silly cache add   scope: null,
11 silly cache add   name: null,
11 silly cache add   rawSpec: 'vue/cli',
11 silly cache add   spec: 'github:vue/cli',
11 silly cache add   type: 'hosted',
11 silly cache add   hosted:
11 silly cache add    { type: 'github',
11 silly cache add      ssh: 'git@github.com:vue/cli.git',
11 silly cache add      sshUrl: 'git+ssh://git@github.com/vue/cli.git',
11 silly cache add      httpsUrl: 'git+https://github.com/vue/cli.git',
11 silly cache add      gitUrl: 'git://github.com/vue/cli.git',
11 silly cache add      shortcut: 'github:vue/cli',
11 silly cache add      directUrl: 'https://raw.githubusercontent.com/vue/cli/master/package.json' } }
12 verbose addRemoteGit caching vue/cli
13 verbose addRemoteGit vue/cli is a repository hosted by github
14 silly tryGitProto attempting to clone git://github.com/vue/cli.git
15 silly tryClone cloning vue/cli via git://github.com/vue/cli.git
16 verbose tryClone git-github-com-vue-cli-git-777248e3 not in flight; caching
17 info git [ 'config', '--get', 'remote.origin.url' ]
18 warn addRemoteGit Error: Command failed: git config --get remote.origin.url
18 warn addRemoteGit
18 warn addRemoteGit     at ChildProcess.exithandler (child_process.js:275:12)
18 warn addRemoteGit     at emitTwo (events.js:126:13)
18 warn addRemoteGit     at ChildProcess.emit (events.js:214:7)
18 warn addRemoteGit     at maybeClose (internal/child_process.js:925:16)
18 warn addRemoteGit     at Process.ChildProcess._handle.onexit (internal/child_process.js:209:5)
18 warn addRemoteGit  vue/cli resetting remote /home/olaneat/.npm/_git-remotes/git-github-com-vue-cli-git-777248e3 because of error: { Error: Command failed: git config --get remote.origin.url
18 warn addRemoteGit
18 warn addRemoteGit     at ChildProcess.exithandler (child_process.js:275:12)
18 warn addRemoteGit     at emitTwo (events.js:126:13)
18 warn addRemoteGit     at ChildProcess.emit (events.js:214:7)
18 warn addRemoteGit     at maybeClose (internal/child_process.js:925:16)
18 warn addRemoteGit     at Process.ChildProcess._handle.onexit (internal/child_process.js:209:5)
18 warn addRemoteGit   killed: false,
18 warn addRemoteGit   code: 1,
18 warn addRemoteGit   signal: null,
18 warn addRemoteGit   cmd: 'git config --get remote.origin.url' }
19 info resetRemote resetting /home/olaneat/.npm/_git-remotes/git-github-com-vue-cli-git-777248e3 for vue/cli
20 silly gentlyRm /home/olaneat/.npm/_git-remotes/git-github-com-vue-cli-git-777248e3 is being purged
21 verbose gentlyRm don't care about contents; nuking /home/olaneat/.npm/_git-remotes/git-github-com-vue-cli-git-777248e3
22 silly vacuum-fs purging /home/olaneat/.npm/_git-remotes/git-github-com-vue-cli-git-777248e3
23 silly vacuum-fs quitting because other entries in /home/olaneat/.npm/_git-remotes
24 info git [ 'clone',
24 info git   '--template=/home/olaneat/.npm/_git-remotes/_templates',
24 info git   '--mirror',
24 info git   'git://github.com/vue/cli.git',
24 info git   '/home/olaneat/.npm/_git-remotes/git-github-com-vue-cli-git-777248e3' ]
25 error git clone --template=/home/olaneat/.npm/_git-remotes/_templates --mirror git://github.com/vue/cli.git /home/olaneat/.npm/_git-remotes/git-github-com-vue-cli-git-777248e3: Cloning into bare repository '/home/olaneat/.npm/_git-remotes/git-github-com-vue-cli-git-777248e3'...
25 error git clone --template=/home/olaneat/.npm/_git-remotes/_templates --mirror git://github.com/vue/cli.git /home/olaneat/.npm/_git-remotes/git-github-com-vue-cli-git-777248e3: fatal: remote error:
25 error git clone --template=/home/olaneat/.npm/_git-remotes/_templates --mirror git://github.com/vue/cli.git /home/olaneat/.npm/_git-remotes/git-github-com-vue-cli-git-777248e3:   Repository not found.
26 silly tryHTTPS attempting to clone git+https://github.com/vue/cli.git
27 silly tryClone cloning vue/cli via git+https://github.com/vue/cli.git
28 verbose tryClone git-https-github-com-vue-cli-git-758b2103 not in flight; caching
29 info git [ 'config', '--get', 'remote.origin.url' ]
30 warn addRemoteGit Error: Command failed: git config --get remote.origin.url
30 warn addRemoteGit
30 warn addRemoteGit     at ChildProcess.exithandler (child_process.js:275:12)
30 warn addRemoteGit     at emitTwo (events.js:126:13)
30 warn addRemoteGit     at ChildProcess.emit (events.js:214:7)
30 warn addRemoteGit     at maybeClose (internal/child_process.js:925:16)
30 warn addRemoteGit     at Socket.stream.socket.on (internal/child_process.js:346:11)
30 warn addRemoteGit     at emitOne (events.js:116:13)
30 warn addRemoteGit     at Socket.emit (events.js:211:7)
30 warn addRemoteGit     at Pipe._handle.close [as _onclose] (net.js:567:12)
30 warn addRemoteGit  vue/cli resetting remote /home/olaneat/.npm/_git-remotes/git-https-github-com-vue-cli-git-758b2103 because of error: { Error: Command failed: git config --get remote.origin.url
30 warn addRemoteGit
30 warn addRemoteGit     at ChildProcess.exithandler (child_process.js:275:12)
30 warn addRemoteGit     at emitTwo (events.js:126:13)
30 warn addRemoteGit     at ChildProcess.emit (events.js:214:7)
30 warn addRemoteGit     at maybeClose (internal/child_process.js:925:16)
30 warn addRemoteGit     at Socket.stream.socket.on (internal/child_process.js:346:11)
30 warn addRemoteGit     at emitOne (events.js:116:13)
30 warn addRemoteGit     at Socket.emit (events.js:211:7)
30 warn addRemoteGit     at Pipe._handle.close [as _onclose] (net.js:567:12)
30 warn addRemoteGit   killed: false,
30 warn addRemoteGit   code: 1,
30 warn addRemoteGit   signal: null,
30 warn addRemoteGit   cmd: 'git config --get remote.origin.url' }
31 info resetRemote resetting /home/olaneat/.npm/_git-remotes/git-https-github-com-vue-cli-git-758b2103 for vue/cli
32 silly gentlyRm /home/olaneat/.npm/_git-remotes/git-https-github-com-vue-cli-git-758b2103 is being purged
33 verbose gentlyRm don't care about contents; nuking /home/olaneat/.npm/_git-remotes/git-https-github-com-vue-cli-git-758b2103
34 silly vacuum-fs purging /home/olaneat/.npm/_git-remotes/git-https-github-com-vue-cli-git-758b2103
35 silly vacuum-fs quitting because other entries in /home/olaneat/.npm/_git-remotes
36 info git [ 'clone',
36 info git   '--template=/home/olaneat/.npm/_git-remotes/_templates',
36 info git   '--mirror',
36 info git   'https://github.com/vue/cli.git',
36 info git   '/home/olaneat/.npm/_git-remotes/git-https-github-com-vue-cli-git-758b2103' ]
37 error git clone --template=/home/olaneat/.npm/_git-remotes/_templates --mirror https://github.com/vue/cli.git /home/olaneat/.npm/_git-remotes/git-https-github-com-vue-cli-git-758b2103: Cloning into bare repository '/home/olaneat/.npm/_git-remotes/git-https-github-com-vue-cli-git-758b2103'...
37 error git clone --template=/home/olaneat/.npm/_git-remotes/_templates --mirror https://github.com/vue/cli.git /home/olaneat/.npm/_git-remotes/git-https-github-com-vue-cli-git-758b2103: remote: Invalid username or password.
37 error git clone --template=/home/olaneat/.npm/_git-remotes/_templates --mirror https://github.com/vue/cli.git /home/olaneat/.npm/_git-remotes/git-https-github-com-vue-cli-git-758b2103: fatal: Authentication failed for 'https://github.com/vue/cli.git/'
38 silly trySSH attempting to clone git@github.com:vue/cli.git
39 silly tryClone cloning vue/cli via git@github.com:vue/cli.git
40 verbose tryClone git-github-com-vue-cli-git-4ff054e3 not in flight; caching
41 info git [ 'config', '--get', 'remote.origin.url' ]
42 warn addRemoteGit Error: Command failed: git config --get remote.origin.url
42 warn addRemoteGit
42 warn addRemoteGit     at ChildProcess.exithandler (child_process.js:275:12)
42 warn addRemoteGit     at emitTwo (events.js:126:13)
42 warn addRemoteGit     at ChildProcess.emit (events.js:214:7)
42 warn addRemoteGit     at maybeClose (internal/child_process.js:925:16)
42 warn addRemoteGit     at Process.ChildProcess._handle.onexit (internal/child_process.js:209:5)
42 warn addRemoteGit  vue/cli resetting remote /home/olaneat/.npm/_git-remotes/git-github-com-vue-cli-git-4ff054e3 because of error: { Error: Command failed: git config --get remote.origin.url
42 warn addRemoteGit
42 warn addRemoteGit     at ChildProcess.exithandler (child_process.js:275:12)
42 warn addRemoteGit     at emitTwo (events.js:126:13)
42 warn addRemoteGit     at ChildProcess.emit (events.js:214:7)
42 warn addRemoteGit     at maybeClose (internal/child_process.js:925:16)
42 warn addRemoteGit     at Process.ChildProcess._handle.onexit (internal/child_process.js:209:5)
42 warn addRemoteGit   killed: false,
42 warn addRemoteGit   code: 1,
42 warn addRemoteGit   signal: null,
42 warn addRemoteGit   cmd: 'git config --get remote.origin.url' }
43 info resetRemote resetting /home/olaneat/.npm/_git-remotes/git-github-com-vue-cli-git-4ff054e3 for vue/cli
44 silly gentlyRm /home/olaneat/.npm/_git-remotes/git-github-com-vue-cli-git-4ff054e3 is being purged
45 verbose gentlyRm don't care about contents; nuking /home/olaneat/.npm/_git-remotes/git-github-com-vue-cli-git-4ff054e3
46 silly vacuum-fs purging /home/olaneat/.npm/_git-remotes/git-github-com-vue-cli-git-4ff054e3
47 silly vacuum-fs quitting because other entries in /home/olaneat/.npm/_git-remotes
48 info git [ 'clone',
48 info git   '--template=/home/olaneat/.npm/_git-remotes/_templates',
48 info git   '--mirror',
48 info git   'git@github.com:vue/cli.git',
48 info git   '/home/olaneat/.npm/_git-remotes/git-github-com-vue-cli-git-4ff054e3' ]
49 error git clone --template=/home/olaneat/.npm/_git-remotes/_templates --mirror git@github.com:vue/cli.git /home/olaneat/.npm/_git-remotes/git-github-com-vue-cli-git-4ff054e3: Cloning into bare repository '/home/olaneat/.npm/_git-remotes/git-github-com-vue-cli-git-4ff054e3'...
49 error git clone --template=/home/olaneat/.npm/_git-remotes/_templates --mirror git@github.com:vue/cli.git /home/olaneat/.npm/_git-remotes/git-github-com-vue-cli-git-4ff054e3: Warning: Permanently added 'github.com,192.30.253.112' (RSA) to the list of known hosts.
49 error git clone --template=/home/olaneat/.npm/_git-remotes/_templates --mirror git@github.com:vue/cli.git /home/olaneat/.npm/_git-remotes/git-github-com-vue-cli-git-4ff054e3: git@github.com: Permission denied (publickey).
49 error git clone --template=/home/olaneat/.npm/_git-remotes/_templates --mirror git@github.com:vue/cli.git /home/olaneat/.npm/_git-remotes/git-github-com-vue-cli-git-4ff054e3: fatal: Could not read from remote repository.
49 error git clone --template=/home/olaneat/.npm/_git-remotes/_templates --mirror git@github.com:vue/cli.git /home/olaneat/.npm/_git-remotes/git-github-com-vue-cli-git-4ff054e3:
49 error git clone --template=/home/olaneat/.npm/_git-remotes/_templates --mirror git@github.com:vue/cli.git /home/olaneat/.npm/_git-remotes/git-github-com-vue-cli-git-4ff054e3: Please make sure you have the correct access rights
49 error git clone --template=/home/olaneat/.npm/_git-remotes/_templates --mirror git@github.com:vue/cli.git /home/olaneat/.npm/_git-remotes/git-github-com-vue-cli-git-4ff054e3: and the repository exists.
50 silly fetchPackageMetaData Error: Command failed: git clone --template=/home/olaneat/.npm/_git-remotes/_templates --mirror git@github.com:vue/cli.git /home/olaneat/.npm/_git-remotes/git-github-com-vue-cli-git-4ff054e3
50 silly fetchPackageMetaData Cloning into bare repository '/home/olaneat/.npm/_git-remotes/git-github-com-vue-cli-git-4ff054e3'...
50 silly fetchPackageMetaData Warning: Permanently added 'github.com,192.30.253.112' (RSA) to the list of known hosts.
50 silly fetchPackageMetaData git@github.com: Permission denied (publickey).
50 silly fetchPackageMetaData fatal: Could not read from remote repository.
50 silly fetchPackageMetaData
50 silly fetchPackageMetaData Please make sure you have the correct access rights
50 silly fetchPackageMetaData and the repository exists.
50 silly fetchPackageMetaData
50 silly fetchPackageMetaData     at ChildProcess.exithandler (child_process.js:275:12)
50 silly fetchPackageMetaData     at emitTwo (events.js:126:13)
50 silly fetchPackageMetaData     at ChildProcess.emit (events.js:214:7)
50 silly fetchPackageMetaData     at maybeClose (internal/child_process.js:925:16)
50 silly fetchPackageMetaData     at Process.ChildProcess._handle.onexit (internal/child_process.js:209:5)
50 silly fetchPackageMetaData  error for vue/cli { Error: Command failed: git clone --template=/home/olaneat/.npm/_git-remotes/_templates --mirror git@github.com:vue/cli.git /home/olaneat/.npm/_git-remotes/git-github-com-vue-cli-git-4ff054e3
50 silly fetchPackageMetaData Cloning into bare repository '/home/olaneat/.npm/_git-remotes/git-github-com-vue-cli-git-4ff054e3'...
50 silly fetchPackageMetaData Warning: Permanently added 'github.com,192.30.253.112' (RSA) to the list of known hosts.
50 silly fetchPackageMetaData git@github.com: Permission denied (publickey).
50 silly fetchPackageMetaData fatal: Could not read from remote repository.
50 silly fetchPackageMetaData
50 silly fetchPackageMetaData Please make sure you have the correct access rights
50 silly fetchPackageMetaData and the repository exists.
50 silly fetchPackageMetaData
50 silly fetchPackageMetaData     at ChildProcess.exithandler (child_process.js:275:12)
50 silly fetchPackageMetaData     at emitTwo (events.js:126:13)
50 silly fetchPackageMetaData     at ChildProcess.emit (events.js:214:7)
50 silly fetchPackageMetaData     at maybeClose (internal/child_process.js:925:16)
50 silly fetchPackageMetaData     at Process.ChildProcess._handle.onexit (internal/child_process.js:209:5)
50 silly fetchPackageMetaData   killed: false,
50 silly fetchPackageMetaData   code: 128,
50 silly fetchPackageMetaData   signal: null,
50 silly fetchPackageMetaData   cmd: 'git clone --template=/home/olaneat/.npm/_git-remotes/_templates --mirror git@github.com:vue/cli.git /home/olaneat/.npm/_git-remotes/git-github-com-vue-cli-git-4ff054e3' }
51 silly rollbackFailedOptional Starting
52 silly rollbackFailedOptional Finishing
53 silly runTopLevelLifecycles Starting
54 silly runTopLevelLifecycles Finishing
55 silly install printInstalled
56 verbose stack Error: Command failed: git clone --template=/home/olaneat/.npm/_git-remotes/_templates --mirror git@github.com:vue/cli.git /home/olaneat/.npm/_git-remotes/git-github-com-vue-cli-git-4ff054e3
56 verbose stack Cloning into bare repository '/home/olaneat/.npm/_git-remotes/git-github-com-vue-cli-git-4ff054e3'...
56 verbose stack Warning: Permanently added 'github.com,192.30.253.112' (RSA) to the list of known hosts.
56 verbose stack git@github.com: Permission denied (publickey).
56 verbose stack fatal: Could not read from remote repository.
56 verbose stack
56 verbose stack Please make sure you have the correct access rights
56 verbose stack and the repository exists.
56 verbose stack
56 verbose stack     at ChildProcess.exithandler (child_process.js:275:12)
56 verbose stack     at emitTwo (events.js:126:13)
56 verbose stack     at ChildProcess.emit (events.js:214:7)
56 verbose stack     at maybeClose (internal/child_process.js:925:16)
56 verbose stack     at Process.ChildProcess._handle.onexit (internal/child_process.js:209:5)
57 verbose cwd /home/olaneat/Desktop/docs/project/schools
58 error Linux 4.15.0-39-generic
59 error argv "/usr/bin/node" "/usr/bin/npm" "install" "-g" "vue/cli"
60 error node v8.10.0
61 error npm  v3.5.2
62 error code 128
63 error Command failed: git clone --template=/home/olaneat/.npm/_git-remotes/_templates --mirror git@github.com:vue/cli.git /home/olaneat/.npm/_git-remotes/git-github-com-vue-cli-git-4ff054e3
63 error Cloning into bare repository '/home/olaneat/.npm/_git-remotes/git-github-com-vue-cli-git-4ff054e3'...
63 error Warning: Permanently added 'github.com,192.30.253.112' (RSA) to the list of known hosts.
63 error git@github.com: Permission denied (publickey).
63 error fatal: Could not read from remote repository.
63 error
63 error Please make sure you have the correct access rights
63 error and the repository exists.
64 error If you need help, you may report this error at:
64 error     <https://github.com/npm/npm/issues>
65 verbose exit [ 1, true ]
